********************************************************************************
product = WebSphere Application Server 18.0.0.4 (wlp-1.0.23.cl180420181121-0300)
wlp.install.dir = /home/ibmdemo/m2m_DefaultApplication/sample.DefaultApplication.modernized/DefaultApplication-ear/target/liberty/wlp/
java.home = /usr/lib/jvm/java-8-openjdk-amd64/jre
java.version = 1.8.0_222
java.runtime = OpenJDK Runtime Environment (1.8.0_222-8u222-b10-1~14.04-b10)
os = Linux (4.4.0-47-generic; amd64) (en_US)
process = 29151@ubuntu
********************************************************************************
[11/12/20 6:50:52:809 PST] 00000001 com.ibm.ws.kernel.launch.internal.FrameworkManager           A CWWKE0001I: The server DefaultApplicationServer has been launched.
[11/12/20 6:50:52:823 PST] 00000001 com.ibm.ws.kernel.launch.internal.FrameworkManager           A CWWKE0100I: This product is licensed for development, and limited production use. The full license terms can be viewed here: https://public.dhe.ibm.com/ibmdl/export/pub/software/websphere/wasdev/license/base_ilan/ilan/18.0.0.4/lafiles/en.html
[11/12/20 6:50:53:542 PST] 00000001 com.ibm.ws.kernel.launch.internal.FrameworkManager           I CWWKE0002I: The kernel started after 0.905 seconds
[11/12/20 6:50:53:561 PST] 00000019 com.ibm.ws.kernel.feature.internal.FeatureManager            I CWWKF0007I: Feature update started.
[11/12/20 6:50:54:070 PST] 00000012 com.ibm.ws.security.ready.internal.SecurityReadyServiceImpl  I CWWKS0007I: The security service is starting...
[11/12/20 6:50:54:344 PST] 00000012 com.ibm.ws.app.manager.internal.monitor.DropinMonitor        A CWWKZ0058I: Monitoring dropins for applications.
[11/12/20 6:50:54:509 PST] 00000012 ibm.ws.security.authentication.internal.jaas.JAASServiceImpl I CWWKS1123I: The collective authentication plugin with class name NullCollectiveAuthenticationPlugin has been activated. 
[11/12/20 6:50:54:516 PST] 0000001e com.ibm.ws.security.ready.internal.SecurityReadyServiceImpl  I CWWKS0008I: The security service is ready.
[11/12/20 6:50:54:518 PST] 0000001e com.ibm.ws.security.token.ltpa.internal.LTPAKeyCreateTask    I CWWKS4105I: LTPA configuration is ready after 0.030 seconds.
[11/12/20 6:50:54:838 PST] 00000021 com.ibm.ws.tcpchannel.internal.TCPChannel                    I CWWKO0219I: TCP Channel defaultHttpEndpoint has been started and is now listening for requests on host localhost  (IPv4: 127.0.0.1) port 9080.
[11/12/20 6:50:54:845 PST] 00000021 com.ibm.ws.tcpchannel.internal.TCPChannel                    I CWWKO0219I: TCP Channel defaultHttpEndpoint-ssl has been started and is now listening for requests on host localhost  (IPv4: 127.0.0.1) port 9443.
[11/12/20 6:50:54:907 PST] 00000012 com.ibm.ws.tcpchannel.internal.TCPChannel                    I CWWKO0219I: TCP Channel wasJmsEndpoint344 has been started and is now listening for requests on host localhost  (IPv4: 127.0.0.1) port 7276.
[11/12/20 6:50:54:909 PST] 00000012 com.ibm.ws.tcpchannel.internal.TCPChannel                    I CWWKO0219I: TCP Channel wasJmsEndpoint344-ssl has been started and is now listening for requests on host localhost  (IPv4: 127.0.0.1) port 7286.
[11/12/20 6:50:55:478 PST] 00000012 com.ibm.ws.sib.utils.ras.SibMessage                          I  CWSID0108I: JMS server has started.  
[11/12/20 6:50:55:707 PST] 00000012 com.ibm.ws.security.jaspi.AuthConfigFactoryWrapper           I CWWKS1655I: The default Java Authentication SPI for Containers (JASPIC) AuthConfigFactory class com.ibm.ws.security.jaspi.ProviderRegistry is being used because the Java security property authconfigprovider.factory is not set. 
[11/12/20 6:50:55:797 PST] 00000012 org.apache.cxf.bus.osgi.CXFActivator                         I Adding the extensions from bundle com.ibm.ws.org.apache.cxf-rt-ws-addr.2.6.2 (187) [org.apache.cxf.ws.addressing.policy.AddressingAssertionBuilder, org.apache.cxf.ws.addressing.policy.UsingAddressingAssertionBuilder, org.apache.cxf.ws.addressing.policy.AddressingPolicyInterceptorProvider, org.apache.cxf.ws.addressing.impl.AddressingWSDLExtensionLoader, org.apache.cxf.ws.addressing.WSAddressingFeature$WSAddressingFeatureApplier, org.apache.cxf.ws.addressing.MAPAggregator$MAPAggregatorLoader]
[11/12/20 6:50:55:799 PST] 00000012 org.apache.cxf.bus.osgi.CXFActivator                         I Adding the extensions from bundle com.ibm.ws.org.apache.cxf-rt-frontend-jaxws.2.6.2 (190) [org.apache.cxf.jaxws.context.WebServiceContextResourceResolver]
[11/12/20 6:50:55:799 PST] 00000012 org.apache.cxf.bus.osgi.CXFActivator                         I Adding the extensions from bundle com.ibm.ws.org.apache.cxf-rt-management.2.6.2 (198) [org.apache.cxf.management.InstrumentationManager]
[11/12/20 6:50:55:800 PST] 00000012 org.apache.cxf.bus.osgi.CXFActivator                         I Adding the extensions from bundle com.ibm.ws.org.apache.cxf-rt-bindings-xml.2.6.2 (200) [org.apache.cxf.binding.xml.XMLBindingFactory, org.apache.cxf.binding.xml.wsdl11.XMLWSDLExtensionLoader]
[11/12/20 6:50:55:800 PST] 00000012 org.apache.cxf.bus.osgi.CXFActivator                         I Adding the extensions from bundle com.ibm.ws.org.apache.cxf-rt-transports-http.2.6.2 (201) [org.apache.cxf.transport.http.HTTPTransportFactory, org.apache.cxf.transport.http.HTTPWSDLExtensionLoader, org.apache.cxf.transport.http.policy.HTTPClientAssertionBuilder, org.apache.cxf.transport.http.policy.HTTPServerAssertionBuilder, org.apache.cxf.transport.http.policy.NoOpPolicyInterceptorProvider]
[11/12/20 6:50:55:800 PST] 00000012 org.apache.cxf.bus.osgi.CXFActivator                         I Adding the extensions from bundle com.ibm.ws.org.apache.cxf-rt-bindings-soap.2.6.2 (202) [org.apache.cxf.binding.soap.SoapBindingFactory, org.apache.cxf.binding.soap.SoapTransportFactory]
[11/12/20 6:50:55:800 PST] 00000012 org.apache.cxf.bus.osgi.CXFActivator                         I Adding the extensions from bundle com.ibm.ws.org.apache.cxf-rt-ws-policy.2.6.2 (206) [org.apache.cxf.ws.policy.PolicyEngine, org.apache.cxf.policy.PolicyDataEngine, org.apache.cxf.ws.policy.AssertionBuilderRegistry, org.apache.cxf.ws.policy.PolicyInterceptorProviderRegistry, org.apache.cxf.ws.policy.PolicyBuilder, org.apache.cxf.ws.policy.PolicyAnnotationListener, org.apache.cxf.ws.policy.attachment.ServiceModelPolicyProvider, org.apache.cxf.ws.policy.attachment.external.DomainExpressionBuilderRegistry, org.apache.cxf.ws.policy.attachment.external.EndpointReferenceDomainExpressionBuilder, org.apache.cxf.ws.policy.attachment.wsdl11.Wsdl11AttachmentPolicyProvider, org.apache.cxf.ws.policy.mtom.MTOMAssertionBuilder, org.apache.cxf.ws.policy.mtom.MTOMPolicyInterceptorProvider]
[11/12/20 6:50:55:986 PST] 00000012 Service-182-com.ibm.ws.org.apache.geronimo.osgi.registry.1.1 I SPI-Provider Manifest header found in bundle: com.ibm.ws.org.apache.bval.1.1.0 Bundle:com.ibm.ws.org.apache.geronimo.osgi.registry.1.1(id=182)   
[11/12/20 6:50:56:192 PST] 00000012 com.ibm.ws.cache.ServerCache                                 I DYNA1001I: WebSphere Dynamic Cache instance named baseCache initialized successfully.
[11/12/20 6:50:56:199 PST] 00000012 com.ibm.ws.cache.ServerCache                                 I DYNA1071I: The cache provider default is being used.
[11/12/20 6:50:56:200 PST] 00000012 com.ibm.ws.cache.CacheServiceImpl                            I DYNA1056I: Dynamic Cache (object cache) initialized successfully.
[11/12/20 6:50:56:503 PST] 00000012 com.ibm.ws.transport.iiop.internal.ORBWrapperInternal        A CWWKI0001I: The CORBA name server is now available at corbaloc:iiop:localhost:2809/NameService.
[11/12/20 6:50:56:549 PST] 00000012 Service-182-com.ibm.ws.org.apache.geronimo.osgi.registry.1.1 I SPI-Provider Manifest header found in bundle: com.ibm.ws.xlxp.1.5.3 Bundle:com.ibm.ws.org.apache.geronimo.osgi.registry.1.1(id=182)   
[11/12/20 6:50:56:801 PST] 0000002c com.ibm.ws.app.manager.AppMessageHelper                      I CWWKZ0018I: Starting application DefaultApplication.
[11/12/20 6:50:57:311 PST] 0000002c org.apache.cxf.management.jmx.InstrumentationManagerImpl     I registering MBean org.apache.cxf:bus.id=DefaultWebApplication-Server-Bus,type=Bus,instance.id=882813846: org.apache.cxf.bus.ManagedBus@32a85e18
[11/12/20 6:50:57:333 PST] 0000002c org.apache.cxf.management.jmx.InstrumentationManagerImpl     I registered org.apache.cxf:bus.id=DefaultWebApplication-Server-Bus,type=Bus,instance.id=882813846
[11/12/20 6:50:57:362 PST] 0000002c org.apache.cxf.management.jmx.InstrumentationManagerImpl     I registering MBean org.apache.cxf:bus.id=DefaultWebApplication-Server-Bus,WorkQueueManager=Bus.WorkQueueManager,type=WorkQueueManager,instance.id=1959190608: org.apache.cxf.bus.managers.WorkQueueManagerImplMBeanWrapper@746e262
[11/12/20 6:50:57:703 PST] 0000002c com.ibm.ws.recoverylog.spi.RecoveryDirectorImpl              I CWRLS0010I: Performing recovery processing for local WebSphere server (DefaultApplicationServer).
[11/12/20 6:50:57:735 PST] 0000002c com.ibm.ws.recoverylog.spi.RecoveryDirectorImpl              I CWRLS0012I: All persistent services have been directed to perform recovery processing for this WebSphere server (DefaultApplicationServer).
[11/12/20 6:50:57:735 PST] 00000043 com.ibm.tx.jta.impl.RecoveryManager                          I WTRN0135I: Transaction service recovering no transactions.
[11/12/20 6:50:57:830 PST] 0000002c SystemOut                                                    O [EL Info]: server: 2020-11-12 06:50:57.811--Detected server platform: org.eclipse.persistence.platform.server.was.WebSphere_Liberty_Platform.
[11/12/20 6:50:58:064 PST] 0000002c org.jboss.weld.Version                                       I WELD-000900: 2.4.8 (Final)
[11/12/20 6:50:58:822 PST] 0000002c com.ibm.ws.session.WASSessionCore                            I SESN8501I: The session manager did not find a persistent storage location; HttpSession objects will be stored in the local application server's memory.
[11/12/20 6:50:58:830 PST] 0000002c com.ibm.ws.ejbcontainer.osgi.internal.EJBRuntimeImpl         I CNTR4000I: The DefaultWebApplication.war EJB module in the DefaultApplication application is starting.
[11/12/20 6:50:58:832 PST] 0000002c com.ibm.ws.ejbcontainer.runtime.AbstractEJBRuntime           I CNTR0167I: The server is binding the com.ibm.defaultapplication.IncrementSSB interface of the IncrementEJB enterprise bean in the DefaultWebApplication.war module of the DefaultApplication application.  The binding location is: java:global/DefaultApplication/DefaultWebApplication/IncrementEJB!com.ibm.defaultapplication.IncrementSSB
[11/12/20 6:50:58:843 PST] 0000002c com.ibm.ws.ejbcontainer.osgi.internal.EJBRuntimeImpl         I CNTR4001I: The DefaultWebApplication.war EJB module in the DefaultApplication application has started successfully.
[11/12/20 6:50:58:855 PST] 0000002c com.ibm.ws.webcontainer.osgi.webapp.WebGroup                 I SRVE0169I: Loading Web Module: Default Web Application.
[11/12/20 6:50:58:856 PST] 0000002c com.ibm.ws.webcontainer                                      I SRVE0250I: Web Module Default Web Application has been bound to default_host.
[11/12/20 6:50:58:857 PST] 0000002c com.ibm.ws.http.internal.VirtualHostImpl                     A CWWKT0016I: Web application available (default_host): http://localhost:9080/
[11/12/20 6:50:58:887 PST] 0000002c com.ibm.ws.app.manager.AppMessageHelper                      A CWWKZ0001I: Application DefaultApplication started in 2.086 seconds.
[11/12/20 6:50:58:915 PST] 00000027 com.ibm.ws.session.WASSessionCore                            I SESN0176I: A new session context will be created for application key default_host/
[11/12/20 6:50:58:954 PST] 00000019 com.ibm.ws.kernel.feature.internal.FeatureManager            A CWWKF0012I: The server installed the following features: [servlet-3.1, beanValidation-1.1, ssl-1.0, jndi-1.0, jca-1.7, jms-2.0, ejbPersistentTimer-3.2, appSecurity-2.0, j2eeManagement-1.1, jdbc-4.1, wasJmsServer-1.0, jaxrs-2.0, javaMail-1.5, cdi-1.2, webProfile-7.0, jcaInboundSecurity-1.0, jpa-2.1, jsp-2.3, ejbLite-3.2, managedBeans-1.0, jsf-2.2, ejbHome-3.2, jaxws-2.2, localConnector-1.0, jsonp-1.0, el-3.0, jaxrsClient-2.0, concurrent-1.0, appClientSupport-1.0, ejbRemote-3.2, javaee-7.0, jaxb-2.2, mdb-3.2, jacc-1.5, batch-1.0, ejb-3.2, json-1.0, jaspic-1.1, jpaContainer-2.1, distributedMap-1.0, websocket-1.1, wasJmsSecurity-1.0, wasJmsClient-2.0].
[11/12/20 6:50:58:955 PST] 00000019 com.ibm.ws.kernel.feature.internal.FeatureManager            I CWWKF0008I: Feature update completed in 5.411 seconds.
[11/12/20 6:50:58:955 PST] 00000019 com.ibm.ws.kernel.feature.internal.FeatureManager            A CWWKF0011I: The server DefaultApplicationServer is ready to run a smarter planet.
[11/12/20 6:50:58:963 PST] 00000027 com.ibm.ws.util                                              I SESN0172I: The session manager is using the Java default SecureRandom implementation for session ID generation.
[11/12/20 6:50:59:136 PST] 0000001f com.ibm.ws.webcontainer.osgi.mbeans.PluginGenerator          I SRVE9103I: A configuration file for a web server plugin was automatically generated for this server at /home/ibmdemo/m2m_DefaultApplication/sample.DefaultApplication.modernized/DefaultApplication-ear/target/liberty/wlp/usr/servers/DefaultApplicationServer/logs/state/plugin-cfg.xml.
[11/12/20 6:50:59:147 PST] 00000027 com.ibm.ws.cache.CacheServiceImpl                            I DYNA1056I: Dynamic Cache (object cache) initialized successfully.
[11/12/20 6:50:59:279 PST] 00000027 com.ibm.ws.webcontainer.security.ServletStartedListener      I CWWKS9122I:  For URL /snoop/* in application DefaultApplication, the following HTTP methods are uncovered, and accessible: PUT DELETE HEAD OPTIONS TRACE 
[11/12/20 6:50:59:280 PST] 00000027 com.ibm.ws.webcontainer.security.ServletStartedListener      I CWWKS9122I:  For URL /servlet/SnoopServlet/* in application DefaultApplication, the following HTTP methods are uncovered, and accessible: PUT DELETE HEAD OPTIONS TRACE 
[11/12/20 6:51:09:614 PST] 00000021 com.ibm.ws.webcontainer.servlet                              I SRVE0242I: [DefaultApplication] [/] [Snoop Servlet]: Initialization successful.
[11/12/20 6:51:15:264 PST] 00000027 com.ibm.ws.webcontainer.servlet                              I SRVE0242I: [DefaultApplication] [/] [Hit Count Servlet]: Initialization successful.
[11/12/20 6:51:15:327 PST] 00000027 com.ibm.ws.webcontainer.servlet                              I SRVE0242I: [DefaultApplication] [/] [/HitCount.jsp]: Initialization successful.
[11/12/20 6:51:35:892 PST] 00000067 eclipselink.server                                           I CWWJP9990I: Detected server platform: org.eclipse.persistence.platform.server.was.WebSphere_Liberty_Platform.
[11/12/20 6:51:35:901 PST] 00000067 eclipselink                                                  I CWWJP9990I: EclipseLink, version: Eclipse Persistence Services - 2.6.8.WAS-v20181003-71e88a9
[11/12/20 6:51:36:435 PST] 00000067 com.ibm.ws.rsadapter.impl.DatabaseHelper                     I DSRA8203I: Database product name : Apache Derby
[11/12/20 6:51:36:436 PST] 00000067 com.ibm.ws.rsadapter.impl.DatabaseHelper                     I DSRA8204I: Database product version : 10.13.1.1 - (1765088)
[11/12/20 6:51:36:436 PST] 00000067 com.ibm.ws.rsadapter.impl.DatabaseHelper                     I DSRA8205I: JDBC driver name  : Apache Derby Embedded JDBC Driver
[11/12/20 6:51:36:436 PST] 00000067 com.ibm.ws.rsadapter.impl.DatabaseHelper                     I DSRA8206I: JDBC driver version  : 10.13.1.1 - (1765088)
[11/12/20 6:51:36:538 PST] 00000067 eclipselink.connection                                       I CWWJP9990I: DefaultApplication/wsjpa:wsjar:file:/home/ibmdemo/m2m_DefaultApplication/sample.DefaultApplication.modernized/DefaultApplication-ear/target/liberty/wlp/usr/servers/DefaultApplicationServer/workarea/org.eclipse.osgi/74/data/cache/com.ibm.ws.app.manager_79/.cache/DefaultWebApplication.war!/WEB-INF/classes/_DefaultApplicationJPA login successful
[11/12/20 6:52:29:663 PST] 000000a0 com.ibm.ws.runtime.update.internal.RuntimeUpdateManagerImpl  A CWWKE1100I: Waiting for up to 30 seconds for the server to quiesce.
[11/12/20 6:52:29:684 PST] 0000009a com.ibm.ws.tcpchannel.internal.TCPChannel                    I CWWKO0220I: TCP Channel defaultHttpEndpoint has stopped listening for requests on host localhost  (IPv4: 127.0.0.1) port 9080.
[11/12/20 6:52:29:694 PST] 0000009c com.ibm.ws.tcpchannel.internal.TCPChannel                    I CWWKO0220I: TCP Channel defaultHttpEndpoint-ssl has stopped listening for requests on host localhost  (IPv4: 127.0.0.1) port 9443.
[11/12/20 6:52:29:695 PST] 0000009c com.ibm.ws.http.internal.VirtualHostImpl                     A CWWKT0017I: Web application removed (default_host): https://localhost:9443/
[11/12/20 6:52:29:698 PST] 0000009c com.ibm.ws.tcpchannel.internal.TCPChannel                    I CWWKO0220I: TCP Channel wasJmsEndpoint344 has stopped listening for requests on host localhost  (IPv4: 127.0.0.1) port 7276.
[11/12/20 6:52:29:704 PST] 0000009c com.ibm.ws.tcpchannel.internal.TCPChannel                    I CWWKO0220I: TCP Channel wasJmsEndpoint344-ssl has stopped listening for requests on host localhost  (IPv4: 127.0.0.1) port 7286.
[11/12/20 6:52:29:736 PST] 000000a0 .jbatch.container.services.impl.MemoryPersistenceManagerImpl I CWWKY0005I: The batch In-Memory persistence service is activated.
[11/12/20 6:52:29:736 PST] 000000a0 com.ibm.jbatch.container.impl.BatchKernelImpl                I CWWKY0008I: The batch feature is using persistence type In-Memory.
[11/12/20 6:52:30:707 PST] 000000a0 com.ibm.ws.runtime.update.internal.RuntimeUpdateManagerImpl  I CWWKE1101I: Server quiesce complete.
[11/12/20 6:52:30:745 PST] 0000009a com.ibm.ws.webcontainer.servlet                              I SRVE0253I: [DefaultApplication] [/] [/HitCount.jsp]: Destroy successful.
[11/12/20 6:52:30:749 PST] 0000009a com.ibm.ws.webcontainer.servlet                              I SRVE0253I: [DefaultApplication] [/] [Snoop Servlet]: Destroy successful.
[11/12/20 6:52:30:749 PST] 0000009a com.ibm.ws.webcontainer.servlet                              I SRVE0253I: [DefaultApplication] [/] [Hit Count Servlet]: Destroy successful.
[11/12/20 6:52:30:757 PST] 0000009a com.ibm.ws.ejbcontainer.osgi.internal.EJBRuntimeImpl         I CNTR4003I: The DefaultWebApplication.war EJB module in the DefaultApplication application is stopping.
[11/12/20 6:52:30:761 PST] 0000009a com.ibm.ws.ejbcontainer.osgi.internal.EJBRuntimeImpl         I CNTR4004I: The DefaultWebApplication.war EJB module in the DefaultApplication application has stopped successfully.
[11/12/20 6:52:30:778 PST] 0000009a eclipselink.connection                                       I CWWJP9990I: DefaultApplication/wsjpa:wsjar:file:/home/ibmdemo/m2m_DefaultApplication/sample.DefaultApplication.modernized/DefaultApplication-ear/target/liberty/wlp/usr/servers/DefaultApplicationServer/workarea/org.eclipse.osgi/74/data/cache/com.ibm.ws.app.manager_79/.cache/DefaultWebApplication.war!/WEB-INF/classes/_DefaultApplicationJPA logout successful
[11/12/20 6:52:30:789 PST] 0000009a com.ibm.ws.app.manager.AppMessageHelper                      A CWWKZ0009I: The application DefaultApplication has stopped successfully.
[11/12/20 6:52:30:872 PST] 000000a0 .jbatch.container.services.impl.MemoryPersistenceManagerImpl I CWWKY0005I: The batch In-Memory persistence service is deactivated.
[11/12/20 6:52:30:921 PST] 000000a1 org.apache.yoko.orb.OCI.Transport                            I shutdown: iiop transport using socket Socket[addr=/127.0.0.1,port=49186,localport=2809]
[11/12/20 6:52:30:925 PST] 000000a2 org.apache.yoko.orb.OCI.Transport                            I shutdown: iiop transport using socket 6761a2b6[SSL_NULL_WITH_NULL_NULL: Socket[addr=/127.0.0.1,port=59012,localport=9402]]
[11/12/20 6:52:30:931 PST] 000000a0 com.ibm.ws.transport.iiop.internal.ORBWrapperInternal        A CWWKI0002I: The CORBA name server is no longer available at corbaloc:iiop:localhost:2809/NameService.
[11/12/20 6:52:31:023 PST] 000000a0 com.ibm.tx.jta.impl.FailureScopeController                   A WTRN0105I: The transaction service has shutdown successfully with no transactions requiring recovery.
[11/12/20 6:52:31:109 PST] 000000a0 com.ibm.ws.sib.utils.ras.SibMessage                          I  CWSIS1589I: The file store has stopped successfully.
[11/12/20 6:52:31:218 PST] 000000a0 com.ibm.ws.sib.utils.ras.SibMessage                          I  CWSID0121I: JMS server stopped.  
[11/12/20 6:52:31:328 PST] 000000a0 com.ibm.ws.security.ready.internal.SecurityReadyServiceImpl  I CWWKS0009I: The security service has stopped.
[11/12/20 6:52:31:337 PST] 000000a0 ibm.ws.security.authentication.internal.jaas.JAASServiceImpl I CWWKS1124I: The collective authentication plugin with class name NullCollectiveAuthenticationPlugin has been deactivated. 
[11/12/20 6:52:31:345 PST] 000000a0 org.apache.cxf.bus.osgi.CXFActivator                         I Removing the extensions for bundle 198
[11/12/20 6:52:31:345 PST] 000000a0 org.apache.cxf.bus.osgi.CXFActivator                         I Removing the extensions for bundle 200
[11/12/20 6:52:31:345 PST] 000000a0 org.apache.cxf.bus.osgi.CXFActivator                         I Removing the extensions for bundle 201
[11/12/20 6:52:31:345 PST] 000000a0 org.apache.cxf.bus.osgi.CXFActivator                         I Removing the extensions for bundle 202
[11/12/20 6:52:31:345 PST] 000000a0 org.apache.cxf.bus.osgi.CXFActivator                         I Removing the extensions for bundle 206
[11/12/20 6:52:31:345 PST] 000000a0 org.apache.cxf.bus.osgi.CXFActivator                         I Removing the extensions for bundle 187
[11/12/20 6:52:31:345 PST] 000000a0 org.apache.cxf.bus.osgi.CXFActivator                         I Removing the extensions for bundle 190
[11/12/20 6:52:31:484 PST] 00000001 com.ibm.ws.kernel.launch.internal.FrameworkManager           A CWWKE0036I: The server DefaultApplicationServer stopped after 1 minutes, 38.847 seconds.
