********************************************************************************
product = WebSphere Application Server 18.0.0.4 (wlp-1.0.23.cl180420181121-0300)
wlp.install.dir = /home/ibmdemo/m2m_DefaultApplication/sample.DefaultApplication.modernized/DefaultApplication-ear/target/liberty/wlp/
java.home = /usr/lib/jvm/java-8-openjdk-amd64/jre
java.version = 1.8.0_222
java.runtime = OpenJDK Runtime Environment (1.8.0_222-8u222-b10-1~14.04-b10)
os = Linux (4.4.0-47-generic; amd64) (en_US)
process = 30988@ubuntu
********************************************************************************
[11/12/20 6:52:57:429 PST] 00000001 com.ibm.ws.kernel.launch.internal.FrameworkManager           A CWWKE0001I: The server DefaultApplicationServer has been launched.
[11/12/20 6:52:57:442 PST] 00000001 com.ibm.ws.kernel.launch.internal.FrameworkManager           A CWWKE0100I: This product is licensed for development, and limited production use. The full license terms can be viewed here: https://public.dhe.ibm.com/ibmdl/export/pub/software/websphere/wasdev/license/base_ilan/ilan/18.0.0.4/lafiles/en.html
[11/12/20 6:52:58:629 PST] 00000001 com.ibm.ws.kernel.launch.internal.FrameworkManager           I CWWKE0002I: The kernel started after 1.349 seconds
[11/12/20 6:52:58:671 PST] 0000001c com.ibm.ws.kernel.feature.internal.FeatureManager            I CWWKF0007I: Feature update started.
[11/12/20 6:52:59:258 PST] 00000015 com.ibm.ws.security.ready.internal.SecurityReadyServiceImpl  I CWWKS0007I: The security service is starting...
[11/12/20 6:52:59:614 PST] 00000015 com.ibm.ws.app.manager.internal.monitor.DropinMonitor        A CWWKZ0058I: Monitoring dropins for applications.
[11/12/20 6:52:59:896 PST] 00000023 com.ibm.ws.security.ready.internal.SecurityReadyServiceImpl  I CWWKS0008I: The security service is ready.
[11/12/20 6:52:59:899 PST] 00000023 com.ibm.ws.security.token.ltpa.internal.LTPAKeyCreateTask    I CWWKS4105I: LTPA configuration is ready after 0.047 seconds.
[11/12/20 6:52:59:899 PST] 00000015 ibm.ws.security.authentication.internal.jaas.JAASServiceImpl I CWWKS1123I: The collective authentication plugin with class name NullCollectiveAuthenticationPlugin has been activated. 
[11/12/20 6:53:00:363 PST] 0000001e com.ibm.ws.tcpchannel.internal.TCPChannel                    I CWWKO0219I: TCP Channel defaultHttpEndpoint has been started and is now listening for requests on host localhost  (IPv4: 127.0.0.1) port 9080.
[11/12/20 6:53:00:372 PST] 0000001e com.ibm.ws.tcpchannel.internal.TCPChannel                    I CWWKO0219I: TCP Channel defaultHttpEndpoint-ssl has been started and is now listening for requests on host localhost  (IPv4: 127.0.0.1) port 9443.
[11/12/20 6:53:00:473 PST] 00000015 com.ibm.ws.tcpchannel.internal.TCPChannel                    I CWWKO0219I: TCP Channel wasJmsEndpoint344 has been started and is now listening for requests on host localhost  (IPv4: 127.0.0.1) port 7276.
[11/12/20 6:53:00:474 PST] 00000015 com.ibm.ws.tcpchannel.internal.TCPChannel                    I CWWKO0219I: TCP Channel wasJmsEndpoint344-ssl has been started and is now listening for requests on host localhost  (IPv4: 127.0.0.1) port 7286.
[11/12/20 6:53:01:069 PST] 00000015 com.ibm.ws.sib.utils.ras.SibMessage                          I  CWSID0108I: JMS server has started.  
[11/12/20 6:53:01:383 PST] 00000015 com.ibm.ws.security.jaspi.AuthConfigFactoryWrapper           I CWWKS1655I: The default Java Authentication SPI for Containers (JASPIC) AuthConfigFactory class com.ibm.ws.security.jaspi.ProviderRegistry is being used because the Java security property authconfigprovider.factory is not set. 
[11/12/20 6:53:01:589 PST] 00000015 org.apache.cxf.bus.osgi.CXFActivator                         I Adding the extensions from bundle com.ibm.ws.org.apache.cxf-rt-ws-addr.2.6.2 (187) [org.apache.cxf.ws.addressing.policy.AddressingAssertionBuilder, org.apache.cxf.ws.addressing.policy.UsingAddressingAssertionBuilder, org.apache.cxf.ws.addressing.policy.AddressingPolicyInterceptorProvider, org.apache.cxf.ws.addressing.impl.AddressingWSDLExtensionLoader, org.apache.cxf.ws.addressing.WSAddressingFeature$WSAddressingFeatureApplier, org.apache.cxf.ws.addressing.MAPAggregator$MAPAggregatorLoader]
[11/12/20 6:53:01:596 PST] 00000015 org.apache.cxf.bus.osgi.CXFActivator                         I Adding the extensions from bundle com.ibm.ws.org.apache.cxf-rt-frontend-jaxws.2.6.2 (190) [org.apache.cxf.jaxws.context.WebServiceContextResourceResolver]
[11/12/20 6:53:01:597 PST] 00000015 org.apache.cxf.bus.osgi.CXFActivator                         I Adding the extensions from bundle com.ibm.ws.org.apache.cxf-rt-management.2.6.2 (198) [org.apache.cxf.management.InstrumentationManager]
[11/12/20 6:53:01:597 PST] 00000015 org.apache.cxf.bus.osgi.CXFActivator                         I Adding the extensions from bundle com.ibm.ws.org.apache.cxf-rt-bindings-xml.2.6.2 (200) [org.apache.cxf.binding.xml.XMLBindingFactory, org.apache.cxf.binding.xml.wsdl11.XMLWSDLExtensionLoader]
[11/12/20 6:53:01:597 PST] 00000015 org.apache.cxf.bus.osgi.CXFActivator                         I Adding the extensions from bundle com.ibm.ws.org.apache.cxf-rt-transports-http.2.6.2 (201) [org.apache.cxf.transport.http.HTTPTransportFactory, org.apache.cxf.transport.http.HTTPWSDLExtensionLoader, org.apache.cxf.transport.http.policy.HTTPClientAssertionBuilder, org.apache.cxf.transport.http.policy.HTTPServerAssertionBuilder, org.apache.cxf.transport.http.policy.NoOpPolicyInterceptorProvider]
[11/12/20 6:53:01:598 PST] 00000015 org.apache.cxf.bus.osgi.CXFActivator                         I Adding the extensions from bundle com.ibm.ws.org.apache.cxf-rt-bindings-soap.2.6.2 (202) [org.apache.cxf.binding.soap.SoapBindingFactory, org.apache.cxf.binding.soap.SoapTransportFactory]
[11/12/20 6:53:01:598 PST] 00000015 org.apache.cxf.bus.osgi.CXFActivator                         I Adding the extensions from bundle com.ibm.ws.org.apache.cxf-rt-ws-policy.2.6.2 (206) [org.apache.cxf.ws.policy.PolicyEngine, org.apache.cxf.policy.PolicyDataEngine, org.apache.cxf.ws.policy.AssertionBuilderRegistry, org.apache.cxf.ws.policy.PolicyInterceptorProviderRegistry, org.apache.cxf.ws.policy.PolicyBuilder, org.apache.cxf.ws.policy.PolicyAnnotationListener, org.apache.cxf.ws.policy.attachment.ServiceModelPolicyProvider, org.apache.cxf.ws.policy.attachment.external.DomainExpressionBuilderRegistry, org.apache.cxf.ws.policy.attachment.external.EndpointReferenceDomainExpressionBuilder, org.apache.cxf.ws.policy.attachment.wsdl11.Wsdl11AttachmentPolicyProvider, org.apache.cxf.ws.policy.mtom.MTOMAssertionBuilder, org.apache.cxf.ws.policy.mtom.MTOMPolicyInterceptorProvider]
[11/12/20 6:53:01:957 PST] 00000015 Service-182-com.ibm.ws.org.apache.geronimo.osgi.registry.1.1 I SPI-Provider Manifest header found in bundle: com.ibm.ws.org.apache.bval.1.1.0 Bundle:com.ibm.ws.org.apache.geronimo.osgi.registry.1.1(id=182)   
[11/12/20 6:53:02:597 PST] 00000015 com.ibm.ws.cache.ServerCache                                 I DYNA1001I: WebSphere Dynamic Cache instance named baseCache initialized successfully.
[11/12/20 6:53:02:598 PST] 00000015 com.ibm.ws.cache.ServerCache                                 I DYNA1071I: The cache provider default is being used.
[11/12/20 6:53:02:599 PST] 00000015 com.ibm.ws.cache.CacheServiceImpl                            I DYNA1056I: Dynamic Cache (object cache) initialized successfully.
[11/12/20 6:53:03:040 PST] 00000015 com.ibm.ws.transport.iiop.internal.ORBWrapperInternal        A CWWKI0001I: The CORBA name server is now available at corbaloc:iiop:localhost:2809/NameService.
[11/12/20 6:53:03:124 PST] 00000015 Service-182-com.ibm.ws.org.apache.geronimo.osgi.registry.1.1 I SPI-Provider Manifest header found in bundle: com.ibm.ws.xlxp.1.5.3 Bundle:com.ibm.ws.org.apache.geronimo.osgi.registry.1.1(id=182)   
[11/12/20 6:53:03:548 PST] 0000001f com.ibm.ws.app.manager.AppMessageHelper                      I CWWKZ0018I: Starting application DefaultWebApplication.
[11/12/20 6:53:03:558 PST] 0000001e com.ibm.ws.app.manager.AppMessageHelper                      I CWWKZ0018I: Starting application DefaultApplication.
[11/12/20 6:53:04:270 PST] 0000001e org.apache.cxf.management.jmx.InstrumentationManagerImpl     I registering MBean org.apache.cxf:bus.id=DefaultWebApplication-Server-Bus,type=Bus,instance.id=1854708989: org.apache.cxf.bus.ManagedBus@2d7b52fd
[11/12/20 6:53:04:290 PST] 0000001e org.apache.cxf.management.jmx.InstrumentationManagerImpl     I registered org.apache.cxf:bus.id=DefaultWebApplication-Server-Bus,type=Bus,instance.id=1854708989
[11/12/20 6:53:04:291 PST] 0000001f org.apache.cxf.management.jmx.InstrumentationManagerImpl     I registering MBean org.apache.cxf:bus.id=DefaultWebApplication-0.0.1-SNAPSHOT-Server-Bus,type=Bus,instance.id=23540880: org.apache.cxf.bus.ManagedBus@22bab228
[11/12/20 6:53:04:299 PST] 0000001f org.apache.cxf.management.jmx.InstrumentationManagerImpl     I registered org.apache.cxf:bus.id=DefaultWebApplication-0.0.1-SNAPSHOT-Server-Bus,type=Bus,instance.id=23540880
[11/12/20 6:53:04:352 PST] 0000001f org.apache.cxf.management.jmx.InstrumentationManagerImpl     I registering MBean org.apache.cxf:bus.id=DefaultWebApplication-0.0.1-SNAPSHOT-Server-Bus,WorkQueueManager=Bus.WorkQueueManager,type=WorkQueueManager,instance.id=1495652109: org.apache.cxf.bus.managers.WorkQueueManagerImplMBeanWrapper@41428ee2
[11/12/20 6:53:04:352 PST] 0000001e org.apache.cxf.management.jmx.InstrumentationManagerImpl     I registering MBean org.apache.cxf:bus.id=DefaultWebApplication-Server-Bus,WorkQueueManager=Bus.WorkQueueManager,type=WorkQueueManager,instance.id=265378302: org.apache.cxf.bus.managers.WorkQueueManagerImplMBeanWrapper@49f10dc2
[11/12/20 6:53:05:124 PST] 0000001f com.ibm.ws.recoverylog.spi.RecoveryDirectorImpl              I CWRLS0010I: Performing recovery processing for local WebSphere server (DefaultApplicationServer).
[11/12/20 6:53:05:178 PST] 0000001f com.ibm.ws.recoverylog.spi.RecoveryDirectorImpl              I CWRLS0012I: All persistent services have been directed to perform recovery processing for this WebSphere server (DefaultApplicationServer).
[11/12/20 6:53:05:179 PST] 00000046 com.ibm.tx.jta.impl.RecoveryManager                          I WTRN0135I: Transaction service recovering no transactions.
[11/12/20 6:53:05:325 PST] 0000001e SystemOut                                                    O [EL Info]: server: 2020-11-12 06:53:05.297--Detected server platform: org.eclipse.persistence.platform.server.was.WebSphere_Liberty_Platform.
[11/12/20 6:53:05:716 PST] 0000001f org.jboss.weld.Version                                       I WELD-000900: 2.4.8 (Final)
[11/12/20 6:53:07:801 PST] 0000001e com.ibm.ws.session.WASSessionCore                            I SESN8501I: The session manager did not find a persistent storage location; HttpSession objects will be stored in the local application server's memory.
[11/12/20 6:53:07:802 PST] 0000001f com.ibm.ws.session.WASSessionCore                            I SESN8501I: The session manager did not find a persistent storage location; HttpSession objects will be stored in the local application server's memory.
[11/12/20 6:53:07:823 PST] 0000001e com.ibm.ws.ejbcontainer.osgi.internal.EJBRuntimeImpl         I CNTR4000I: The DefaultWebApplication.war EJB module in the DefaultApplication application is starting.
[11/12/20 6:53:07:823 PST] 0000001f com.ibm.ws.ejbcontainer.osgi.internal.EJBRuntimeImpl         I CNTR4000I: The DefaultWebApplication-0.0.1-SNAPSHOT.war EJB module in the DefaultWebApplication application is starting.
[11/12/20 6:53:07:829 PST] 0000001e com.ibm.ws.ejbcontainer.runtime.AbstractEJBRuntime           I CNTR0167I: The server is binding the com.ibm.defaultapplication.IncrementSSB interface of the IncrementEJB enterprise bean in the DefaultWebApplication.war module of the DefaultApplication application.  The binding location is: java:global/DefaultApplication/DefaultWebApplication/IncrementEJB!com.ibm.defaultapplication.IncrementSSB
[11/12/20 6:53:07:829 PST] 0000001f com.ibm.ws.ejbcontainer.runtime.AbstractEJBRuntime           I CNTR0167I: The server is binding the com.ibm.defaultapplication.IncrementSSB interface of the IncrementEJB enterprise bean in the DefaultWebApplication-0.0.1-SNAPSHOT.war module of the DefaultWebApplication application.  The binding location is: java:global/DefaultWebApplication-0.0.1-SNAPSHOT/IncrementEJB!com.ibm.defaultapplication.IncrementSSB
[11/12/20 6:53:07:847 PST] 0000001e com.ibm.ws.ejbcontainer.osgi.internal.EJBRuntimeImpl         I CNTR4001I: The DefaultWebApplication.war EJB module in the DefaultApplication application has started successfully.
[11/12/20 6:53:07:849 PST] 0000001f com.ibm.ws.ejbcontainer.osgi.internal.EJBRuntimeImpl         I CNTR4001I: The DefaultWebApplication-0.0.1-SNAPSHOT.war EJB module in the DefaultWebApplication application has started successfully.
[11/12/20 6:53:07:856 PST] 0000001f com.ibm.ws.webcontainer.osgi.webapp.WebGroup                 I SRVE0169I: Loading Web Module: Default Web Application.
[11/12/20 6:53:07:858 PST] 0000001f com.ibm.ws.webcontainer                                      I SRVE0250I: Web Module Default Web Application has been bound to default_host.
[11/12/20 6:53:07:860 PST] 0000001f com.ibm.ws.http.internal.VirtualHostImpl                     A CWWKT0016I: Web application available (default_host): http://localhost:9080/DefaultWebApplication/
[11/12/20 6:53:07:862 PST] 0000001e com.ibm.ws.webcontainer.osgi.webapp.WebGroup                 I SRVE0169I: Loading Web Module: Default Web Application.
[11/12/20 6:53:07:862 PST] 0000001e com.ibm.ws.webcontainer                                      I SRVE0250I: Web Module Default Web Application has been bound to default_host.
[11/12/20 6:53:07:866 PST] 0000001e com.ibm.ws.http.internal.VirtualHostImpl                     A CWWKT0016I: Web application available (default_host): http://localhost:9080/
[11/12/20 6:53:07:887 PST] 0000001e com.ibm.ws.app.manager.AppMessageHelper                      A CWWKZ0001I: Application DefaultApplication started in 4.329 seconds.
[11/12/20 6:53:07:898 PST] 0000001f com.ibm.ws.app.manager.AppMessageHelper                      A CWWKZ0001I: Application DefaultWebApplication started in 4.350 seconds.
[11/12/20 6:53:07:957 PST] 00000021 com.ibm.ws.session.WASSessionCore                            I SESN0176I: A new session context will be created for application key default_host/DefaultWebApplication
[11/12/20 6:53:07:975 PST] 00000023 com.ibm.ws.session.WASSessionCore                            I SESN0176I: A new session context will be created for application key default_host/
[11/12/20 6:53:08:003 PST] 00000021 com.ibm.ws.util                                              I SESN0172I: The session manager is using the Java default SecureRandom implementation for session ID generation.
[11/12/20 6:53:08:024 PST] 00000023 com.ibm.ws.util                                              I SESN0172I: The session manager is using the Java default SecureRandom implementation for session ID generation.
[11/12/20 6:53:08:037 PST] 0000001c com.ibm.ws.kernel.feature.internal.FeatureManager            A CWWKF0012I: The server installed the following features: [servlet-3.1, beanValidation-1.1, ssl-1.0, jndi-1.0, jca-1.7, jms-2.0, ejbPersistentTimer-3.2, appSecurity-2.0, j2eeManagement-1.1, jdbc-4.1, wasJmsServer-1.0, jaxrs-2.0, javaMail-1.5, cdi-1.2, webProfile-7.0, jcaInboundSecurity-1.0, jpa-2.1, jsp-2.3, ejbLite-3.2, managedBeans-1.0, jsf-2.2, ejbHome-3.2, jaxws-2.2, localConnector-1.0, jsonp-1.0, el-3.0, jaxrsClient-2.0, concurrent-1.0, appClientSupport-1.0, ejbRemote-3.2, javaee-7.0, jaxb-2.2, mdb-3.2, jacc-1.5, batch-1.0, ejb-3.2, json-1.0, jaspic-1.1, jpaContainer-2.1, distributedMap-1.0, websocket-1.1, wasJmsSecurity-1.0, wasJmsClient-2.0].
[11/12/20 6:53:08:037 PST] 0000001c com.ibm.ws.kernel.feature.internal.FeatureManager            I CWWKF0008I: Feature update completed in 9.392 seconds.
[11/12/20 6:53:08:037 PST] 0000001c com.ibm.ws.kernel.feature.internal.FeatureManager            A CWWKF0011I: The server DefaultApplicationServer is ready to run a smarter planet.
[11/12/20 6:53:08:247 PST] 00000021 com.ibm.ws.cache.CacheServiceImpl                            I DYNA1056I: Dynamic Cache (object cache) initialized successfully.
[11/12/20 6:53:08:509 PST] 0000004f com.ibm.ws.webcontainer.osgi.mbeans.PluginGenerator          I SRVE9103I: A configuration file for a web server plugin was automatically generated for this server at /home/ibmdemo/m2m_DefaultApplication/sample.DefaultApplication.modernized/DefaultApplication-ear/target/liberty/wlp/usr/servers/DefaultApplicationServer/logs/state/plugin-cfg.xml.
[11/12/20 6:53:08:521 PST] 00000023 com.ibm.ws.webcontainer.security.ServletStartedListener      I CWWKS9122I:  For URL /snoop/* in application DefaultApplication, the following HTTP methods are uncovered, and accessible: PUT DELETE HEAD OPTIONS TRACE 
[11/12/20 6:53:08:521 PST] 00000021 com.ibm.ws.webcontainer.security.ServletStartedListener      I CWWKS9122I:  For URL /snoop/* in application DefaultWebApplication, the following HTTP methods are uncovered, and accessible: PUT DELETE HEAD OPTIONS TRACE 
[11/12/20 6:53:08:523 PST] 00000021 com.ibm.ws.webcontainer.security.ServletStartedListener      I CWWKS9122I:  For URL /servlet/SnoopServlet/* in application DefaultWebApplication, the following HTTP methods are uncovered, and accessible: PUT DELETE HEAD OPTIONS TRACE 
[11/12/20 6:53:08:523 PST] 00000023 com.ibm.ws.webcontainer.security.ServletStartedListener      I CWWKS9122I:  For URL /servlet/SnoopServlet/* in application DefaultApplication, the following HTTP methods are uncovered, and accessible: PUT DELETE HEAD OPTIONS TRACE 
[11/12/20 6:53:18:501 PST] 0000004e com.ibm.ws.webcontainer.servlet                              I SRVE0242I: [DefaultApplication] [/] [Hit Count Servlet]: Initialization successful.
[11/12/20 6:53:19:115 PST] 0000004e com.ibm.ws.webcontainer.servlet                              I SRVE0242I: [DefaultApplication] [/] [/HitCount.jsp]: Initialization successful.
[11/12/20 6:53:55:042 PST] 0000005c eclipselink.server                                           I CWWJP9990I: Detected server platform: org.eclipse.persistence.platform.server.was.WebSphere_Liberty_Platform.
[11/12/20 6:53:55:337 PST] 0000005c eclipselink                                                  I CWWJP9990I: EclipseLink, version: Eclipse Persistence Services - 2.6.8.WAS-v20181003-71e88a9
[11/12/20 6:54:06:400 PST] 0000005c com.ibm.ws.rsadapter.impl.DatabaseHelper                     I DSRA8203I: Database product name : Apache Derby
[11/12/20 6:54:06:407 PST] 0000005c com.ibm.ws.rsadapter.impl.DatabaseHelper                     I DSRA8204I: Database product version : 10.13.1.1 - (1765088)
[11/12/20 6:54:06:407 PST] 0000005c com.ibm.ws.rsadapter.impl.DatabaseHelper                     I DSRA8205I: JDBC driver name  : Apache Derby Embedded JDBC Driver
[11/12/20 6:54:06:408 PST] 0000005c com.ibm.ws.rsadapter.impl.DatabaseHelper                     I DSRA8206I: JDBC driver version  : 10.13.1.1 - (1765088)
[11/12/20 6:54:06:993 PST] 0000005c eclipselink.connection                                       I CWWJP9990I: DefaultApplication/wsjpa:wsjar:file:/home/ibmdemo/m2m_DefaultApplication/sample.DefaultApplication.modernized/DefaultApplication-ear/target/liberty/wlp/usr/servers/DefaultApplicationServer/workarea/org.eclipse.osgi/74/data/cache/com.ibm.ws.app.manager_60/.cache/DefaultWebApplication.war!/WEB-INF/classes/_DefaultApplicationJPA login successful
[11/12/20 6:54:36:115 PST] 0000009f com.ibm.ws.runtime.update.internal.RuntimeUpdateManagerImpl  A CWWKE1100I: Waiting for up to 30 seconds for the server to quiesce.
[11/12/20 6:54:36:124 PST] 00000096 com.ibm.ws.tcpchannel.internal.TCPChannel                    I CWWKO0220I: TCP Channel defaultHttpEndpoint has stopped listening for requests on host localhost  (IPv4: 127.0.0.1) port 9080.
[11/12/20 6:54:36:143 PST] 0000008f com.ibm.ws.tcpchannel.internal.TCPChannel                    I CWWKO0220I: TCP Channel defaultHttpEndpoint-ssl has stopped listening for requests on host localhost  (IPv4: 127.0.0.1) port 9443.
[11/12/20 6:54:36:144 PST] 0000008f com.ibm.ws.http.internal.VirtualHostImpl                     A CWWKT0017I: Web application removed (default_host): https://localhost:9443/DefaultWebApplication/
[11/12/20 6:54:36:144 PST] 0000008f com.ibm.ws.http.internal.VirtualHostImpl                     A CWWKT0017I: Web application removed (default_host): https://localhost:9443/
[11/12/20 6:54:36:145 PST] 0000008f com.ibm.ws.tcpchannel.internal.TCPChannel                    I CWWKO0220I: TCP Channel wasJmsEndpoint344 has stopped listening for requests on host localhost  (IPv4: 127.0.0.1) port 7276.
[11/12/20 6:54:36:148 PST] 0000008f com.ibm.ws.tcpchannel.internal.TCPChannel                    I CWWKO0220I: TCP Channel wasJmsEndpoint344-ssl has stopped listening for requests on host localhost  (IPv4: 127.0.0.1) port 7286.
[11/12/20 6:54:36:189 PST] 0000009f .jbatch.container.services.impl.MemoryPersistenceManagerImpl I CWWKY0005I: The batch In-Memory persistence service is activated.
[11/12/20 6:54:36:192 PST] 0000009f com.ibm.jbatch.container.impl.BatchKernelImpl                I CWWKY0008I: The batch feature is using persistence type In-Memory.
[11/12/20 6:55:06:206 PST] 0000009f com.ibm.ws.runtime.update.internal.RuntimeUpdateManagerImpl  W CWWKE1102W: The quiesce operation did not complete. The server will now stop.
[11/12/20 6:55:06:206 PST] 0000009f com.ibm.ws.runtime.update.internal.RuntimeUpdateManagerImpl  W CWWKE1107W: 1 threads did not complete during the quiesce period. 
[11/12/20 6:55:06:248 PST] 00000095 com.ibm.ws.webcontainer.servlet                              I SRVE0253I: [DefaultApplication] [/] [/HitCount.jsp]: Destroy successful.
[11/12/20 6:55:06:264 PST] 00000092 com.ibm.ws.ejbcontainer.osgi.internal.EJBRuntimeImpl         I CNTR4003I: The DefaultWebApplication-0.0.1-SNAPSHOT.war EJB module in the DefaultWebApplication application is stopping.
[11/12/20 6:55:06:266 PST] 00000092 com.ibm.ws.ejbcontainer.osgi.internal.EJBRuntimeImpl         I CNTR4004I: The DefaultWebApplication-0.0.1-SNAPSHOT.war EJB module in the DefaultWebApplication application has stopped successfully.
[11/12/20 6:55:06:287 PST] 00000092 com.ibm.ws.app.manager.AppMessageHelper                      A CWWKZ0009I: The application DefaultWebApplication has stopped successfully.
[11/12/20 6:55:36:539 PST] 000000a0 org.apache.yoko.orb.OCI.Transport                            I shutdown: iiop transport using socket Socket[addr=/127.0.0.1,port=49210,localport=2809]
[11/12/20 6:55:36:541 PST] 000000a1 org.apache.yoko.orb.OCI.Transport                            I shutdown: iiop transport using socket 417fab38[SSL_NULL_WITH_NULL_NULL: Socket[addr=/127.0.0.1,port=59036,localport=9402]]
[11/12/20 6:55:36:550 PST] 0000009f com.ibm.ws.transport.iiop.internal.ORBWrapperInternal        A CWWKI0002I: The CORBA name server is no longer available at corbaloc:iiop:localhost:2809/NameService.
[11/12/20 6:55:36:566 PST] 0000009f .jbatch.container.services.impl.MemoryPersistenceManagerImpl I CWWKY0005I: The batch In-Memory persistence service is deactivated.
[11/12/20 6:55:36:630 PST] 0000009f com.ibm.tx.jta.impl.FailureScopeController                   A WTRN0105I: The transaction service has shutdown successfully with no transactions requiring recovery.
[11/12/20 6:55:36:764 PST] 0000009f com.ibm.ws.sib.utils.ras.SibMessage                          I  CWSIS1589I: The file store has stopped successfully.
[11/12/20 6:55:36:871 PST] 0000009f com.ibm.ws.sib.utils.ras.SibMessage                          I  CWSID0121I: JMS server stopped.  
[11/12/20 6:55:37:082 PST] 0000009f com.ibm.ws.security.ready.internal.SecurityReadyServiceImpl  I CWWKS0009I: The security service has stopped.
[11/12/20 6:55:37:108 PST] 0000009f ibm.ws.security.authentication.internal.jaas.JAASServiceImpl I CWWKS1124I: The collective authentication plugin with class name NullCollectiveAuthenticationPlugin has been deactivated. 
[11/12/20 6:55:37:118 PST] 0000009f org.apache.cxf.bus.osgi.CXFActivator                         I Removing the extensions for bundle 198
[11/12/20 6:55:37:119 PST] 0000009f org.apache.cxf.bus.osgi.CXFActivator                         I Removing the extensions for bundle 200
[11/12/20 6:55:37:119 PST] 0000009f org.apache.cxf.bus.osgi.CXFActivator                         I Removing the extensions for bundle 201
[11/12/20 6:55:37:119 PST] 0000009f org.apache.cxf.bus.osgi.CXFActivator                         I Removing the extensions for bundle 202
[11/12/20 6:55:37:119 PST] 0000009f org.apache.cxf.bus.osgi.CXFActivator                         I Removing the extensions for bundle 206
[11/12/20 6:55:37:119 PST] 0000009f org.apache.cxf.bus.osgi.CXFActivator                         I Removing the extensions for bundle 187
[11/12/20 6:55:37:119 PST] 0000009f org.apache.cxf.bus.osgi.CXFActivator                         I Removing the extensions for bundle 190
[11/12/20 6:55:37:362 PST] 00000001 com.ibm.ws.kernel.launch.internal.FrameworkManager           A CWWKE0036I: The server DefaultApplicationServer stopped after 2 minutes, 40.082 seconds.
